e:\users\user\source\repos\music\music\debug\vc142.pdb
e:\users\user\source\repos\music\music\debug\vc142.idb
e:\users\user\source\repos\music\music\debug\utils.obj
e:\users\user\source\repos\music\music\debug\userinteraction.obj
e:\users\user\source\repos\music\music\debug\user.obj
e:\users\user\source\repos\music\music\debug\school.obj
e:\users\user\source\repos\music\music\debug\person.obj
e:\users\user\source\repos\music\music\debug\mytime.obj
e:\users\user\source\repos\music\music\debug\music.obj
e:\users\user\source\repos\music\music\debug\menus.obj
e:\users\user\source\repos\music\music\debug\md5.obj
e:\users\user\source\repos\music\music\debug\group.obj
e:\users\user\source\repos\music\debug\music.pdb
e:\users\user\source\repos\music\music\debug\music.tlog\cl.command.1.tlog
e:\users\user\source\repos\music\music\debug\music.tlog\cl.read.1.tlog
e:\users\user\source\repos\music\music\debug\music.tlog\cl.write.1.tlog
e:\users\user\source\repos\music\music\debug\music.tlog\link-cvtres.read.1.tlog
e:\users\user\source\repos\music\music\debug\music.tlog\link-cvtres.write.1.tlog
e:\users\user\source\repos\music\music\debug\music.tlog\link-rc.read.1.tlog
e:\users\user\source\repos\music\music\debug\music.tlog\link-rc.write.1.tlog
e:\users\user\source\repos\music\music\debug\music.tlog\link.command.1.tlog
e:\users\user\source\repos\music\music\debug\music.tlog\link.read.1.tlog
e:\users\user\source\repos\music\music\debug\music.tlog\link.write.1.tlog
